{
  "RSpec": {
    "coverage": {
      "/Users/Kassurova/Development/Code/learn-prework/tic-tac-toe-rb/lib/tic_tac_toe.rb": [
        1,
        1,
        46,
        301,
        301,
        301,
        null,
        301,
        301,
        301,
        301,
        17,
        null,
        284,
        null,
        null,
        null,
        null,
        1,
        25,
        25,
        25,
        25,
        25,
        null,
        null,
        1,
        24,
        null,
        null,
        1,
        23,
        null,
        null,
        1,
        110,
        null,
        null,
        1,
        24,
        null,
        null,
        null,
        null,
        null,
        1,
        22,
        198,
        null,
        null,
        null,
        null,
        1,
        21,
        null,
        null,
        null,
        1,
        21,
        21,
        21,
        21,
        20,
        20,
        null,
        1,
        null,
        null,
        null,
        1,
        25,
        129,
        null,
        null,
        null,
        1,
        24,
        7,
        17,
        null,
        null,
        1,
        null,
        22,
        null,
        null,
        null,
        null,
        1,
        7,
        7,
        6,
        null,
        null,
        null,
        1,
        12,
        12,
        5,
        7,
        3,
        null,
        null
      ]
    },
    "timestamp": 1643241955
  }
}
